###############################################################################
#                                                                             #
# IAR C/C++ Compiler V8.10.3.10338/W32 for 8051         12/May/2021  15:45:05 #
# Copyright 2004-2011 IAR Systems AB.                                         #
#                                                                             #
#    Core               =  plain                                              #
#    Code model         =  banked                                             #
#    Data model         =  large                                              #
#    Calling convention =  xdata reentrant                                    #
#    Constant location  =  data_rom                                           #
#    Dptr setup         =  1,16                                               #
#    Source file        =  E:\zb\温湿度采集1 - 副本\ZStack-CC2530-2.3.0-1.4.0 #
#                          \Projects\zstack\Samples\SampleApp\Source\SampleAp #
#                          p-end.c                                            #
#    Command line       =  -f "E:\zb\温湿度采集1 - 副本\ZStack-CC2530-2.3.0-1 #
#                          .4.0\Projects\zstack\Samples\SampleApp\CC2530DB\.. #
#                          \..\..\Tools\CC2530DB\f8wEndev.cfg" (-DCPU32MHZ    #
#                          -DROOT=__near_func -DBLINK_LEDS) -f                #
#                          "E:\zb\温湿度采集1 - 副本\ZStack-CC2530-2.3.0-1.4. #
#                          0\Projects\zstack\Samples\SampleApp\CC2530DB\..\.. #
#                          \..\Tools\CC2530DB\f8wConfig.cfg" (-DSECURE=0      #
#                          -DZG_SECURE_DYNAMIC=0 -DREFLECTOR                  #
#                          -DDEFAULT_CHANLIST=0x00000800                      #
#                          -DZDAPP_CONFIG_PAN_ID=0xFFF1                       #
#                          -DNWK_START_DELAY=100 -DEXTENDED_JOINING_RANDOM_MA #
#                          SK=0x007F -DBEACON_REQUEST_DELAY=100               #
#                          -DBEACON_REQ_DELAY_MASK=0x00FF                     #
#                          -DROUTE_EXPIRY_TIME=30 -DAPSC_ACK_WAIT_DURATION_PO #
#                          LLED=3000 -DNWK_INDIRECT_MSG_TIMEOUT=7             #
#                          -DMAX_RREQ_ENTRIES=8 -DAPSC_MAX_FRAME_RETRIES=3    #
#                          -DNWK_MAX_DATA_RETRIES=2                           #
#                          -DMAX_POLL_FAILURE_RETRIES=2 -DMAX_BCAST=9         #
#                          -DAPS_MAX_GROUPS=16 -DMAX_RTG_ENTRIES=40           #
#                          -DNWK_MAX_BINDING_ENTRIES=4                        #
#                          -DMAX_BINDING_CLUSTER_IDS=4 "-DDEFAULT_KEY={0x01,  #
#                          0x03, 0x05, 0x07, 0x09, 0x0B, 0x0D, 0x0F, 0x00,    #
#                          0x02, 0x04, 0x06, 0x08, 0x0A, 0x0C, 0x0D}"         #
#                          -DMAC_MAX_FRAME_SIZE=116 "-DCONST=const __code"    #
#                          -DGENERIC=__generic -DRFD_RCVC_ALWAYS_ON=FALSE     #
#                          -DPOLL_RATE=1000 -DQUEUED_POLL_RATE=100            #
#                          -DRESPONSE_POLL_RATE=100) -DREJOIN_POLL_RATE=440   #
#                          "E:\zb\温湿度采集1 - 副本\ZStack-CC2530-2.3.0-1.4. #
#                          0\Projects\zstack\Samples\SampleApp\Source\SampleA #
#                          pp-end.c" -D ZIGBEEPRO -D NWK_AUTO_POLL -D         #
#                          ZTOOL_P1 -D xMT_TASK -D xMT_SYS_FUNC -D            #
#                          xMT_ZDO_FUNC -D LCD_SUPPORTED=DEBUG -lC            #
#                          "E:\zb\温湿度采集1 - 副本\ZStack-CC2530-2.3.0-1.4. #
#                          0\Projects\zstack\Samples\SampleApp\CC2530DB\EndDe #
#                          viceEB-Pro\List\" -lA "E:\zb\温湿度采集1 -         #
#                          副本\ZStack-CC2530-2.3.0-1.4.0\Projects\zstack\Sam #
#                          ples\SampleApp\CC2530DB\EndDeviceEB-Pro\List\"     #
#                          --diag_suppress Pe001,Pa010 -o "E:\zb\温湿度采集1  #
#                          - 副本\ZStack-CC2530-2.3.0-1.4.0\Projects\zstack\S #
#                          amples\SampleApp\CC2530DB\EndDeviceEB-Pro\Obj\"    #
#                          -e --debug --core=plain --dptr=16,1                #
#                          --data_model=large --code_model=banked             #
#                          --calling_convention=xdata_reentrant               #
#                          --place_constants=data_rom --nr_virtual_regs 16    #
#                          -I "E:\zb\温湿度采集1 - 副本\ZStack-CC2530-2.3.0-1 #
#                          .4.0\Projects\zstack\Samples\SampleApp\CC2530DB\"  #
#                          -I "E:\zb\温湿度采集1 - 副本\ZStack-CC2530-2.3.0-1 #
#                          .4.0\Projects\zstack\Samples\SampleApp\CC2530DB\.. #
#                          \SOURCE\" -I "E:\zb\温湿度采集1 -                  #
#                          副本\ZStack-CC2530-2.3.0-1.4.0\Projects\zstack\Sam #
#                          ples\SampleApp\CC2530DB\..\..\..\ZMAIN\TI2530DB\"  #
#                          -I "E:\zb\温湿度采集1 - 副本\ZStack-CC2530-2.3.0-1 #
#                          .4.0\Projects\zstack\Samples\SampleApp\CC2530DB\.. #
#                          \..\..\..\..\COMPONENTS\MT\" -I                    #
#                          "E:\zb\温湿度采集1 - 副本\ZStack-CC2530-2.3.0-1.4. #
#                          0\Projects\zstack\Samples\SampleApp\CC2530DB\..\.. #
#                          \..\..\..\COMPONENTS\HAL\INCLUDE\" -I              #
#                          "E:\zb\温湿度采集1 - 副本\ZStack-CC2530-2.3.0-1.4. #
#                          0\Projects\zstack\Samples\SampleApp\CC2530DB\..\.. #
#                          \..\..\..\COMPONENTS\HAL\TARGET\CC2530EB\" -I      #
#                          "E:\zb\温湿度采集1 - 副本\ZStack-CC2530-2.3.0-1.4. #
#                          0\Projects\zstack\Samples\SampleApp\CC2530DB\..\.. #
#                          \..\..\..\COMPONENTS\OSAL\MCU\CCSOC\" -I           #
#                          "E:\zb\温湿度采集1 - 副本\ZStack-CC2530-2.3.0-1.4. #
#                          0\Projects\zstack\Samples\SampleApp\CC2530DB\..\.. #
#                          \..\..\..\COMPONENTS\OSAL\INCLUDE\" -I             #
#                          "E:\zb\温湿度采集1 - 副本\ZStack-CC2530-2.3.0-1.4. #
#                          0\Projects\zstack\Samples\SampleApp\CC2530DB\..\.. #
#                          \..\..\..\COMPONENTS\STACK\AF\" -I                 #
#                          "E:\zb\温湿度采集1 - 副本\ZStack-CC2530-2.3.0-1.4. #
#                          0\Projects\zstack\Samples\SampleApp\CC2530DB\..\.. #
#                          \..\..\..\COMPONENTS\STACK\NWK\" -I                #
#                          "E:\zb\温湿度采集1 - 副本\ZStack-CC2530-2.3.0-1.4. #
#                          0\Projects\zstack\Samples\SampleApp\CC2530DB\..\.. #
#                          \..\..\..\COMPONENTS\STACK\SEC\" -I                #
#                          "E:\zb\温湿度采集1 - 副本\ZStack-CC2530-2.3.0-1.4. #
#                          0\Projects\zstack\Samples\SampleApp\CC2530DB\..\.. #
#                          \..\..\..\COMPONENTS\STACK\SAPI\" -I               #
#                          "E:\zb\温湿度采集1 - 副本\ZStack-CC2530-2.3.0-1.4. #
#                          0\Projects\zstack\Samples\SampleApp\CC2530DB\..\.. #
#                          \..\..\..\COMPONENTS\STACK\SYS\" -I                #
#                          "E:\zb\温湿度采集1 - 副本\ZStack-CC2530-2.3.0-1.4. #
#                          0\Projects\zstack\Samples\SampleApp\CC2530DB\..\.. #
#                          \..\..\..\COMPONENTS\STACK\ZDO\" -I                #
#                          "E:\zb\温湿度采集1 - 副本\ZStack-CC2530-2.3.0-1.4. #
#                          0\Projects\zstack\Samples\SampleApp\CC2530DB\..\.. #
#                          \..\..\..\COMPONENTS\ZMAC\F8W\" -I                 #
#                          "E:\zb\温湿度采集1 - 副本\ZStack-CC2530-2.3.0-1.4. #
#                          0\Projects\zstack\Samples\SampleApp\CC2530DB\..\.. #
#                          \..\..\..\COMPONENTS\ZMAC\" -I "E:\zb\温湿度采集1  #
#                          - 副本\ZStack-CC2530-2.3.0-1.4.0\Projects\zstack\S #
#                          amples\SampleApp\CC2530DB\..\..\..\..\..\COMPONENT #
#                          S\SERVICES\SADDR\" -I "E:\zb\温湿度采集1 -         #
#                          副本\ZStack-CC2530-2.3.0-1.4.0\Projects\zstack\Sam #
#                          ples\SampleApp\CC2530DB\..\..\..\..\..\COMPONENTS\ #
#                          SERVICES\SDATA\" -I "E:\zb\温湿度采集1 -           #
#                          副本\ZStack-CC2530-2.3.0-1.4.0\Projects\zstack\Sam #
#                          ples\SampleApp\CC2530DB\..\..\..\..\..\COMPONENTS\ #
#                          MAC\INCLUDE\" -I "E:\zb\温湿度采集1 -              #
#                          副本\ZStack-CC2530-2.3.0-1.4.0\Projects\zstack\Sam #
#                          ples\SampleApp\CC2530DB\..\..\..\..\..\COMPONENTS\ #
#                          MAC\HIGH_LEVEL\" -I "E:\zb\温湿度采集1 -           #
#                          副本\ZStack-CC2530-2.3.0-1.4.0\Projects\zstack\Sam #
#                          ples\SampleApp\CC2530DB\..\..\..\..\..\COMPONENTS\ #
#                          MAC\LOW_LEVEL\srf04\" -I "E:\zb\温湿度采集1 -      #
#                          副本\ZStack-CC2530-2.3.0-1.4.0\Projects\zstack\Sam #
#                          ples\SampleApp\CC2530DB\..\..\..\..\..\COMPONENTS\ #
#                          MAC\LOW_LEVEL\srf04\SINGLE_CHIP\" -Ohz             #
#    List file          =  E:\zb\温湿度采集1 - 副本\ZStack-CC2530-2.3.0-1.4.0 #
#                          \Projects\zstack\Samples\SampleApp\CC2530DB\EndDev #
#                          iceEB-Pro\List\SampleApp-end.lst                   #
#    Object file        =  E:\zb\温湿度采集1 - 副本\ZStack-CC2530-2.3.0-1.4.0 #
#                          \Projects\zstack\Samples\SampleApp\CC2530DB\EndDev #
#                          iceEB-Pro\Obj\SampleApp-end.r51                    #
#                                                                             #
#                                                                             #
###############################################################################

E:\zb\温湿度采集1 - 副本\ZStack-CC2530-2.3.0-1.4.0\Projects\zstack\Samples\SampleApp\Source\SampleApp-end.c
      1          /**************************************************************************************************
      2            Filename:       SampleApp.c
      3            Revised:        $Date: 2009-03-18 15:56:27 -0700 (Wed, 18 Mar 2009) $
      4            Revision:       $Revision: 19453 $
      5          
      6            Description:    Sample Application (no Profile).
      7          
      8          
      9            Copyright 2007 Texas Instruments Incorporated. All rights reserved.
     10          
     11            IMPORTANT: Your use of this Software is limited to those specific rights
     12            granted under the terms of a software license agreement between the user
     13            who downloaded the software, his/her employer (which must be your employer)
     14            and Texas Instruments Incorporated (the "License").  You may not use this
     15            Software unless you agree to abide by the terms of the License. The License
     16            limits your use, and you acknowledge, that the Software may not be modified,
     17            copied or distributed unless embedded on a Texas Instruments microcontroller
     18            or used solely and exclusively in conjunction with a Texas Instruments radio
     19            frequency transceiver, which is integrated into your product.  Other than for
     20            the foregoing purpose, you may not use, reproduce, copy, prepare derivative
     21            works of, modify, distribute, perform, display or sell this Software and/or
     22            its documentation for any purpose.
     23          
     24            YOU FURTHER ACKNOWLEDGE AND AGREE THAT THE SOFTWARE AND DOCUMENTATION ARE
     25            PROVIDED AS IS?WITHOUT WARRANTY OF ANY KIND, EITHER EXPRESS OR IMPLIED,
     26            INCLUDING WITHOUT LIMITATION, ANY WARRANTY OF MERCHANTABILITY, TITLE,
     27            NON-INFRINGEMENT AND FITNESS FOR A PARTICULAR PURPOSE. IN NO EVENT SHALL
     28            TEXAS INSTRUMENTS OR ITS LICENSORS BE LIABLE OR OBLIGATED UNDER CONTRACT,
     29            NEGLIGENCE, STRICT LIABILITY, CONTRIBUTION, BREACH OF WARRANTY, OR OTHER
     30            LEGAL EQUITABLE THEORY ANY DIRECT OR INDIRECT DAMAGES OR EXPENSES
     31            INCLUDING BUT NOT LIMITED TO ANY INCIDENTAL, SPECIAL, INDIRECT, PUNITIVE
     32            OR CONSEQUENTIAL DAMAGES, LOST PROFITS OR LOST DATA, COST OF PROCUREMENT
     33            OF SUBSTITUTE GOODS, TECHNOLOGY, SERVICES, OR ANY CLAIMS BY THIRD PARTIES
     34            (INCLUDING BUT NOT LIMITED TO ANY DEFENSE THEREOF), OR OTHER SIMILAR COSTS.
     35          
     36            Should you have any questions regarding your right to use this Software,
     37            contact Texas Instruments Incorporated at www.TI.com.
     38          **************************************************************************************************/
     39          
     40          /*********************************************************************
     41            This application isn't intended to do anything useful, it is
     42            intended to be a simple example of an application's structure.
     43          
     44            This application sends it's messages either as broadcast or
     45            broadcast filtered group messages.  The other (more normal)
     46            message addressing is unicast.  Most of the other sample
     47            applications are written to support the unicast message model.
     48          
     49            Key control:
     50              SW1:  Sends a flash command to all devices in Group 1.
     51              SW2:  Adds/Removes (toggles) this device in and out
     52                    of Group 1.  This will enable and disable the
     53                    reception of the flash command.
     54          *********************************************************************/
     55          
     56          /*********************************************************************
     57           * INCLUDES
     58           */
     59          #include "OSAL.h"
     60          #include "ZGlobals.h"
     61          #include "AF.h"
     62          #include "aps_groups.h"
     63          #include "ZDApp.h"
     64          
     65          #include "SampleApp.h"
     66          #include "SampleAppHw.h"
     67          
     68          #include "OnBoard.h"

   \                                 In  segment SFR_AN, at 0xf3
   \   unsigned char volatile __sfr P0SEL
   \                     P0SEL:
   \   000000                DS 1
     69          
     70          /* HAL */
     71          #include "hal_lcd.h"
     72          #include "hal_led.h"
     73          #include "hal_key.h"
     74          #include "ds18b20.h" 
     75          /*********************************************************************
     76           * MACROS
     77           */
     78          
     79          /*********************************************************************
     80           * CONSTANTS
     81           */
     82          
     83          /*********************************************************************
     84           * TYPEDEFS
     85           */
     86          
     87          /*********************************************************************
     88           * GLOBAL VARIABLES
     89           */

   \                                 In  segment XDATA_Z, align 1, keep-with-next
     90          uint8 LedState = 0;
   \                     LedState:
   \   000000                DS 1
   \   000001                REQUIRE __INIT_XDATA_Z
     91          // This list should be filled with Application specific Cluster IDs.

   \                                 In  segment XDATA_ROM_C, align 1
     92          const cId_t SampleApp_ClusterList[SAMPLEAPP_MAX_CLUSTERS] =
   \                     SampleApp_ClusterList:
   \   000000   0100         DW 1
   \   000002   0200         DW 2
   \   000004   0300         DW 3
   \   000006   0400         DW 4
     93          {
     94            SAMPLEAPP_PERIODIC_CLUSTERID,
     95            SAMPLEAPP_FLASH_CLUSTERID,
     96            SAMPLEAPP_COM_CLUSTERID,      
     97            SAMPLEAPP_P2P_CLUSTERID      
     98          };
     99          

   \                                 In  segment XDATA_ROM_C, align 1
    100          const SimpleDescriptionFormat_t SampleApp_SimpleDesc =
   \                     SampleApp_SimpleDesc:
   \   000000   14           DB 20
   \   000001   080F         DW 3848
   \   000003   0100         DW 1
   \   000005   00           DB 0
   \   000006   04           DB 4
   \   000007   ....         DW SampleApp_ClusterList
   \   000009   04           DB 4
   \   00000A   ....         DW SampleApp_ClusterList
    101          {
    102            SAMPLEAPP_ENDPOINT,              //  int Endpoint;
    103            SAMPLEAPP_PROFID,                //  uint16 AppProfId[2];
    104            SAMPLEAPP_DEVICEID,              //  uint16 AppDeviceId[2];
    105            SAMPLEAPP_DEVICE_VERSION,        //  int   AppDevVer:4;
    106            SAMPLEAPP_FLAGS,                 //  int   AppFlags:4;
    107            SAMPLEAPP_MAX_CLUSTERS,          //  uint8  AppNumInClusters;
    108            (cId_t *)SampleApp_ClusterList,  //  uint8 *pAppInClusterList;
    109            SAMPLEAPP_MAX_CLUSTERS,          //  uint8  AppNumInClusters;
    110            (cId_t *)SampleApp_ClusterList   //  uint8 *pAppInClusterList;
    111          };
    112          
    113          // This is the Endpoint/Interface description.  It is defined here, but
    114          // filled-in in SampleApp_Init().  Another way to go would be to fill
    115          // in the structure here and make it a "const" (in code space).  The
    116          // way it's defined in this sample app it is define in RAM.

   \                                 In  segment XDATA_Z, align 1, keep-with-next
    117          endPointDesc_t SampleApp_epDesc;
   \                     SampleApp_epDesc:
   \   000000                DS 6
   \   000006                REQUIRE __INIT_XDATA_Z
    118          
    119          /*********************************************************************
    120           * EXTERNAL VARIABLES
    121           */
    122          
    123          /*********************************************************************
    124           * EXTERNAL FUNCTIONS
    125           */
    126          
    127          /*********************************************************************
    128           * LOCAL VARIABLES
    129           */

   \                                 In  segment XDATA_Z, align 1, keep-with-next
    130          uint8 SampleApp_TaskID;   // Task ID for internal task/event processing
   \                     SampleApp_TaskID:
   \   000000                DS 1
   \   000001                REQUIRE __INIT_XDATA_Z
    131                                    // This variable will be received when
    132                                    // SampleApp_Init() is called.

   \                                 In  segment XDATA_Z, align 1, keep-with-next
    133          devStates_t SampleApp_NwkState;
   \                     SampleApp_NwkState:
   \   000000                DS 1
   \   000001                REQUIRE __INIT_XDATA_Z
    134          

   \                                 In  segment XDATA_Z, align 1, keep-with-next
    135          uint8 SampleApp_TransID;  // This is the unique message ID (counter)
   \                     SampleApp_TransID:
   \   000000                DS 1
   \   000001                REQUIRE __INIT_XDATA_Z
    136          

   \                                 In  segment XDATA_Z, align 1, keep-with-next
    137          afAddrType_t SampleApp_Periodic_DstAddr;  //广播
   \                     SampleApp_Periodic_DstAddr:
   \   000000                DS 12
   \   00000C                REQUIRE __INIT_XDATA_Z

   \                                 In  segment XDATA_Z, align 1, keep-with-next
    138          afAddrType_t SampleApp_Flash_DstAddr;//组播
   \                     SampleApp_Flash_DstAddr:
   \   000000                DS 12
   \   00000C                REQUIRE __INIT_XDATA_Z
    139          

   \                                 In  segment XDATA_Z, align 1, keep-with-next
    140          aps_Group_t SampleApp_Group;
   \                     SampleApp_Group:
   \   000000                DS 18
   \   000012                REQUIRE __INIT_XDATA_Z
    141          

   \                                 In  segment XDATA_Z, align 1, keep-with-next
    142          uint8 SampleAppPeriodicCounter = 0;
   \                     SampleAppPeriodicCounter:
   \   000000                DS 1
   \   000001                REQUIRE __INIT_XDATA_Z

   \                                 In  segment XDATA_Z, align 1, keep-with-next
    143          uint8 SampleAppFlashCounter = 0;
   \                     SampleAppFlashCounter:
   \   000000                DS 1
   \   000001                REQUIRE __INIT_XDATA_Z

   \                                 In  segment XDATA_Z, align 1, keep-with-next
    144          uint8 sensor_value[20];//保存传感器值
   \                     sensor_value:
   \   000000                DS 20
   \   000014                REQUIRE __INIT_XDATA_Z

   \                                 In  segment XDATA_I, align 1, keep-with-next
    145          uint8 device_state=0x02;//取值'1'和'2',代表终端1和终端2
   \                     device_state:
   \   000000                DS 1
   \   000001                REQUIRE `?<Initializer for device_state>`
   \   000001                REQUIRE __INIT_XDATA_I
    146          
    147          /*********************************************************************
    148           * LOCAL FUNCTIONS
    149           */
    150          void SampleApp_HandleKeys( uint8 shift, uint8 keys );
    151          void SampleApp_MessageMSGCB( afIncomingMSGPacket_t *pckt );
    152          void SampleApp_SendPeriodicMessage( void );
    153          void SampleApp_SendFlashMessage( uint16 flashTime );
    154          /*********************************************************************
    155           * NETWORK LAYER CALLBACKS
    156           */
    157          
    158          /*********************************************************************
    159           * PUBLIC FUNCTIONS
    160           */
    161          
    162          /*********************************************************************
    163           * @fn      SampleApp_Init
    164           *
    165           * @brief   Initialization function for the Generic App Task.
    166           *          This is called during initialization and should contain
    167           *          any application specific initialization (ie. hardware
    168           *          initialization/setup, table initialization, power up
    169           *          notificaiton ... ).
    170           *
    171           * @param   task_id - the ID assigned by OSAL.  This ID should be
    172           *                    used to send messages and set timers.
    173           *
    174           * @return  none
    175           */

   \                                 In  segment BANKED_CODE, align 1, keep-with-next
    176          void SampleApp_Init( uint8 task_id )
   \                     SampleApp_Init:
    177          {
   \   000000   74F5         MOV     A,#-0xb
   \   000002   12....       LCALL   ?BANKED_ENTER_XDATA
   \   000005                ; Saved register size: 11
   \   000005                ; Auto size: 0
   \   000005   E9           MOV     A,R1
    178            SampleApp_TaskID = task_id;
   \   000006   90....       MOV     DPTR,#SampleApp_TaskID
   \   000009   F0           MOVX    @DPTR,A
    179            SampleApp_NwkState = DEV_INIT;
   \   00000A   90....       MOV     DPTR,#SampleApp_NwkState
   \   00000D   7401         MOV     A,#0x1
   \   00000F   F0           MOVX    @DPTR,A
    180            SampleApp_TransID = 0;
   \   000010   90....       MOV     DPTR,#SampleApp_TransID
   \   000013   E4           CLR     A
   \   000014   F0           MOVX    @DPTR,A
    181            P0SEL &= 0x7f;                  //DS18B20的io口初始化
   \   000015   53F37F       ANL     0xf3,#0x7f
    182            // Device hardware initialization can be added here or in main() (Zmain.c).
    183            // If the hardware is application specific - add it here.
    184            // If the hardware is other parts of the device add it in main().
    185          
    186           #if defined ( BUILD_ALL_DEVICES )
    187            // The "Demo" target is setup to have BUILD_ALL_DEVICES and HOLD_AUTO_START
    188            // We are looking at a jumper (defined in SampleAppHw.c) to be jumpered
    189            // together - if they are - we will start up a coordinator. Otherwise,
    190            // the device will start as a router.
    191            if ( readCoordinatorJumper() )
    192              zgDeviceLogicalType = ZG_DEVICETYPE_COORDINATOR;
    193            else
    194              zgDeviceLogicalType = ZG_DEVICETYPE_ROUTER;
    195          #endif // BUILD_ALL_DEVICES
    196          
    197          #if defined ( HOLD_AUTO_START )
    198            // HOLD_AUTO_START is a compile option that will surpress ZDApp
    199            //  from starting the device and wait for the application to
    200            //  start the device.
    201            ZDOInitDevice(0);
    202          #endif
    203          
    204            // Setup for the periodic message's destination address
    205            // Broadcast to everyone
    206            SampleApp_Periodic_DstAddr.addrMode = (afAddrMode_t)AddrBroadcast;
   \   000018   90....       MOV     DPTR,#SampleApp_Periodic_DstAddr + 8
   \   00001B   740F         MOV     A,#0xf
   \   00001D   F0           MOVX    @DPTR,A
    207            SampleApp_Periodic_DstAddr.endPoint = SAMPLEAPP_ENDPOINT;
   \   00001E   A3           INC     DPTR
   \   00001F   7414         MOV     A,#0x14
   \   000021   F0           MOVX    @DPTR,A
    208            SampleApp_Periodic_DstAddr.addr.shortAddr = 0xFFFF;
   \   000022   90....       MOV     DPTR,#SampleApp_Periodic_DstAddr
   \   000025   74FF         MOV     A,#-0x1
   \   000027   F0           MOVX    @DPTR,A
   \   000028   A3           INC     DPTR
   \   000029   F0           MOVX    @DPTR,A
    209          
    210            // Setup for the flash command's destination address - Group 1
    211            SampleApp_Flash_DstAddr.addrMode = (afAddrMode_t)afAddrGroup;
   \   00002A   90....       MOV     DPTR,#SampleApp_Flash_DstAddr + 8
   \   00002D   7401         MOV     A,#0x1
   \   00002F   F0           MOVX    @DPTR,A
    212            SampleApp_Flash_DstAddr.endPoint = SAMPLEAPP_ENDPOINT;
   \   000030   A3           INC     DPTR
   \   000031   7414         MOV     A,#0x14
   \   000033   F0           MOVX    @DPTR,A
    213            SampleApp_Flash_DstAddr.addr.shortAddr = SAMPLEAPP_FLASH_GROUP; //组号1
   \   000034   90....       MOV     DPTR,#SampleApp_Flash_DstAddr
   \   000037   7401         MOV     A,#0x1
   \   000039   F0           MOVX    @DPTR,A
   \   00003A   A3           INC     DPTR
   \   00003B   E4           CLR     A
   \   00003C   F0           MOVX    @DPTR,A
    214            
    215            // Fill out the endpoint description.
    216            SampleApp_epDesc.endPoint = SAMPLEAPP_ENDPOINT;
   \   00003D   90....       MOV     DPTR,#SampleApp_epDesc
   \   000040   7414         MOV     A,#0x14
   \   000042   F0           MOVX    @DPTR,A
    217            SampleApp_epDesc.task_id = &SampleApp_TaskID;
   \   000043   A3           INC     DPTR
   \   000044   74..         MOV     A,#SampleApp_TaskID & 0xff
   \   000046   F0           MOVX    @DPTR,A
   \   000047   A3           INC     DPTR
   \   000048   74..         MOV     A,#(SampleApp_TaskID >> 8) & 0xff
   \   00004A   F0           MOVX    @DPTR,A
    218            SampleApp_epDesc.simpleDesc
    219                      = (SimpleDescriptionFormat_t *)&SampleApp_SimpleDesc;
   \   00004B   A3           INC     DPTR
   \   00004C   74..         MOV     A,#SampleApp_SimpleDesc & 0xff
   \   00004E   F0           MOVX    @DPTR,A
   \   00004F   A3           INC     DPTR
   \   000050   74..         MOV     A,#(SampleApp_SimpleDesc >> 8) & 0xff
   \   000052   F0           MOVX    @DPTR,A
    220            SampleApp_epDesc.latencyReq = noLatencyReqs;
   \   000053   A3           INC     DPTR
   \   000054   E4           CLR     A
   \   000055   F0           MOVX    @DPTR,A
    221          
    222            // Register the endpoint description with the AF
    223            afRegister( &SampleApp_epDesc );
   \   000056                ; Setup parameters for call to function afRegister
   \   000056   7A..         MOV     R2,#SampleApp_epDesc & 0xff
   \   000058   7B..         MOV     R3,#(SampleApp_epDesc >> 8) & 0xff
   \   00005A   12....       LCALL   ??afRegister?relay
    224          
    225            // Register for all key events - This app will handle all key events
    226            RegisterForKeys( SampleApp_TaskID );
   \   00005D                ; Setup parameters for call to function RegisterForKeys
   \   00005D   90....       MOV     DPTR,#SampleApp_TaskID
   \   000060   E0           MOVX    A,@DPTR
   \   000061   F9           MOV     R1,A
   \   000062   12....       LCALL   ??RegisterForKeys?relay
    227          
    228            // By default, all devices start out in Group 1
    229            SampleApp_Group.ID = 0x0001;
   \   000065   90....       MOV     DPTR,#SampleApp_Group
   \   000068   7401         MOV     A,#0x1
   \   00006A   F0           MOVX    @DPTR,A
   \   00006B   A3           INC     DPTR
   \   00006C   E4           CLR     A
   \   00006D   F0           MOVX    @DPTR,A
    230            osal_memcpy( SampleApp_Group.name, "Group 1", 7 );
   \   00006E                ; Setup parameters for call to function osal_memcpy
   \   00006E   75....       MOV     ?V0 + 0,#`?<Constant "Group 1">` & 0xff
   \   000071   75....       MOV     ?V0 + 1,#(`?<Constant "Group 1">` >> 8) & 0xff
   \   000074   F5..         MOV     ?V0 + 2,A
   \   000076   78..         MOV     R0,#?V0 + 0
   \   000078   12....       LCALL   ?PUSH_XSTACK_I_THREE
   \   00007B   7C07         MOV     R4,#0x7
   \   00007D   7D00         MOV     R5,#0x0
   \   00007F   7A..         MOV     R2,#(SampleApp_Group + 2) & 0xff
   \   000081   7B..         MOV     R3,#((SampleApp_Group + 2) >> 8) & 0xff
   \   000083   12....       LCALL   ??osal_memcpy?relay
   \   000086   7403         MOV     A,#0x3
   \   000088   12....       LCALL   ?DEALLOC_XSTACK8
    231            aps_AddGroup( SAMPLEAPP_ENDPOINT, &SampleApp_Group );
   \   00008B                ; Setup parameters for call to function aps_AddGroup
   \   00008B   7A..         MOV     R2,#SampleApp_Group & 0xff
   \   00008D   7B..         MOV     R3,#(SampleApp_Group >> 8) & 0xff
   \   00008F   7914         MOV     R1,#0x14
   \   000091   12....       LCALL   ??aps_AddGroup?relay
    232          
    233          #if defined ( LCD_SUPPORTED )
    234           // HalLcdWriteString( "SampleApp", HAL_LCD_LINE_1 ); 
    235          #endif
    236          }
   \   000094   7F03         MOV     R7,#0x3
   \   000096   02....       LJMP    ?BANKED_LEAVE_XDATA
   \   000099                REQUIRE P0SEL
    237          
    238          /*********************************************************************
    239           * @fn      SampleApp_ProcessEvent
    240           *
    241           * @brief   Generic Application Task event processor.  This function
    242           *          is called to process all events for the task.  Events
    243           *          include timers, messages and any other user defined events.
    244           *
    245           * @param   task_id  - The OSAL assigned task ID.
    246           * @param   events - events to process.  This is a bit map and can
    247           *                   contain more than one event.
    248           *
    249           * @return  none
    250           */

   \                                 In  segment BANKED_CODE, align 1, keep-with-next
    251          uint16 SampleApp_ProcessEvent( uint8 task_id, uint16 events )
   \                     SampleApp_ProcessEvent:
    252          { //uint8 i;
   \   000000   74F4         MOV     A,#-0xc
   \   000002   12....       LCALL   ?BANKED_ENTER_XDATA
   \   000005                ; Saved register size: 12
   \   000005                ; Auto size: 0
   \   000005   EA           MOV     A,R2
   \   000006   FE           MOV     R6,A
   \   000007   EB           MOV     A,R3
   \   000008   FF           MOV     R7,A
    253            afIncomingMSGPacket_t *MSGpkt;
    254            (void)task_id;  // Intentionally unreferenced parameter
    255          
    256            if ( events & SYS_EVENT_MSG )
   \   000009   5480         ANL     A,#0x80
   \   00000B   605B         JZ      ??SampleApp_ProcessEvent_0
    257            {
    258              MSGpkt = (afIncomingMSGPacket_t *)osal_msg_receive( SampleApp_TaskID );
   \   00000D                ; Setup parameters for call to function osal_msg_receive
   \   00000D   803F         SJMP    ??SampleApp_ProcessEvent_1
    259              while ( MSGpkt )
    260              {
    261                switch ( MSGpkt->hdr.event )
   \                     ??SampleApp_ProcessEvent_2:
   \   00000F   85..82       MOV     DPL,?V0 + 0
   \   000012   85..83       MOV     DPH,?V0 + 1
   \   000015   E0           MOVX    A,@DPTR
   \   000016   64D1         XRL     A,#0xd1
   \   000018   702D         JNZ     ??SampleApp_ProcessEvent_3
    262                {
    263                  // Received when a key is pressed
    264                  case KEY_CHANGE:
    265                  //  SampleApp_HandleKeys( ((keyChange_t *)MSGpkt)->state, ((keyChange_t *)MSGpkt)->keys );
    266                    break;
    267          
    268                  // Received when a messages is received (OTA) for this endpoint
    269                  case AF_INCOMING_MSG_CMD:
    270                    SampleApp_MessageMSGCB( MSGpkt );
    271                    break;
    272          
    273                  // Received whenever the device changes state in the network
    274                  case ZDO_STATE_CHANGE:
    275                    SampleApp_NwkState = (devStates_t)(MSGpkt->hdr.status);
   \   00001A   A3           INC     DPTR
   \   00001B   E0           MOVX    A,@DPTR
   \   00001C   90....       MOV     DPTR,#SampleApp_NwkState
   \   00001F   F0           MOVX    @DPTR,A
    276                    if ((SampleApp_NwkState == DEV_ROUTER)|| (SampleApp_NwkState == DEV_END_DEVICE) )//设备作为终端
   \   000020   6407         XRL     A,#0x7
   \   000022   6005         JZ      ??SampleApp_ProcessEvent_4
   \   000024   E0           MOVX    A,@DPTR
   \   000025   6406         XRL     A,#0x6
   \   000027   701E         JNZ     ??SampleApp_ProcessEvent_3
    277                    {
    278                        HalLedSet(HAL_LED_1,HAL_LED_MODE_ON);
   \                     ??SampleApp_ProcessEvent_4:
   \   000029                ; Setup parameters for call to function HalLedSet
   \   000029   7A01         MOV     R2,#0x1
   \   00002B   7901         MOV     R1,#0x1
   \   00002D   12....       LCALL   ??HalLedSet?relay
    279                        HalLedSet(HAL_LED_2,HAL_LED_MODE_ON);
   \   000030                ; Setup parameters for call to function HalLedSet
   \   000030   7A01         MOV     R2,#0x1
   \   000032   7902         MOV     R1,#0x2
   \   000034   12....       LCALL   ??HalLedSet?relay
    280                       
    281                      //  P0SEL &= 0x7f;                  //DS18B20的io口初始化
    282                        osal_start_timerEx( SampleApp_TaskID,SAMPLEAPP_SEND_PERIODIC_MSG_EVT,2000 );//周期采集传感器值  
   \   000037                ; Setup parameters for call to function osal_start_timerEx
   \   000037   7CD0         MOV     R4,#-0x30
   \   000039   7D07         MOV     R5,#0x7
   \   00003B   7A01         MOV     R2,#0x1
   \   00003D   7B00         MOV     R3,#0x0
   \   00003F   90....       MOV     DPTR,#SampleApp_TaskID
   \   000042   E0           MOVX    A,@DPTR
   \   000043   F9           MOV     R1,A
   \   000044   12....       LCALL   ??osal_start_timerEx?relay
    283                    }
    284                    else
    285                    {
    286                      // Device is no longer in the network
    287                    }
    288                    break;
    289          
    290                  default:
    291                    break;
    292                }
    293          
    294                // Release the memory
    295                osal_msg_deallocate( (uint8 *)MSGpkt );
   \                     ??SampleApp_ProcessEvent_3:
   \   000047                ; Setup parameters for call to function osal_msg_deallocate
   \   000047   AA..         MOV     R2,?V0 + 0
   \   000049   AB..         MOV     R3,?V0 + 1
   \   00004B   12....       LCALL   ??osal_msg_deallocate?relay
    296          
    297                // Next - if one is available
    298                MSGpkt = (afIncomingMSGPacket_t *)osal_msg_receive( SampleApp_TaskID );
   \   00004E                ; Setup parameters for call to function osal_msg_receive
   \                     ??SampleApp_ProcessEvent_1:
   \   00004E   90....       MOV     DPTR,#SampleApp_TaskID
   \   000051   E0           MOVX    A,@DPTR
   \   000052   F9           MOV     R1,A
   \   000053   12....       LCALL   ??osal_msg_receive?relay
   \   000056   8A..         MOV     ?V0 + 0,R2
   \   000058   8B..         MOV     ?V0 + 1,R3
    299              }
   \   00005A   E5..         MOV     A,?V0 + 0
   \   00005C   45..         ORL     A,?V0 + 1
   \   00005E   70AF         JNZ     ??SampleApp_ProcessEvent_2
    300          
    301              // return unprocessed events
    302              return (events ^ SYS_EVENT_MSG);
   \   000060   EE           MOV     A,R6
   \   000061   FA           MOV     R2,A
   \   000062   EF           MOV     A,R7
   \   000063   6480         XRL     A,#0x80
   \                     ??SampleApp_ProcessEvent_5:
   \   000065   FB           MOV     R3,A
   \   000066   8023         SJMP    ??SampleApp_ProcessEvent_6
    303            }
    304          
    305            // Send a message out - This event is generated by a timer
    306            //  (setup in SampleApp_Init()).
    307            if ( events & SAMPLEAPP_SEND_PERIODIC_MSG_EVT )
   \                     ??SampleApp_ProcessEvent_0:
   \   000068   EE           MOV     A,R6
   \   000069   A2E0         MOV     C,0xE0 /* A   */.0
   \   00006B   501A         JNC     ??SampleApp_ProcessEvent_7
    308            {
    309              SampleApp_SendPeriodicMessage();
   \   00006D                ; Setup parameters for call to function SampleApp_SendPeriodicMessage
   \   00006D   12....       LCALL   ??SampleApp_SendPeriodicMessage?relay
    310              // Setup to send message again in normal period (+ a little jitter)
    311              osal_start_timerEx( SampleApp_TaskID, SAMPLEAPP_SEND_PERIODIC_MSG_EVT,
    312                 2000);
   \   000070                ; Setup parameters for call to function osal_start_timerEx
   \   000070   7CD0         MOV     R4,#-0x30
   \   000072   7D07         MOV     R5,#0x7
   \   000074   7A01         MOV     R2,#0x1
   \   000076   7B00         MOV     R3,#0x0
   \   000078   90....       MOV     DPTR,#SampleApp_TaskID
   \   00007B   E0           MOVX    A,@DPTR
   \   00007C   F9           MOV     R1,A
   \   00007D   12....       LCALL   ??osal_start_timerEx?relay
    313          
    314              // return unprocessed events
    315              return (events ^ SAMPLEAPP_SEND_PERIODIC_MSG_EVT);
   \   000080   EE           MOV     A,R6
   \   000081   6401         XRL     A,#0x1
   \   000083   FA           MOV     R2,A
   \   000084   EF           MOV     A,R7
   \   000085   80DE         SJMP    ??SampleApp_ProcessEvent_5
    316            }
    317          
    318            // Discard unknown events
    319            return 0;
   \                     ??SampleApp_ProcessEvent_7:
   \   000087   7A00         MOV     R2,#0x0
   \   000089   7B00         MOV     R3,#0x0
   \                     ??SampleApp_ProcessEvent_6:
   \   00008B   7F04         MOV     R7,#0x4
   \   00008D   02....       LJMP    ?BANKED_LEAVE_XDATA
    320          }
    321          
    322          
    323          
    324          
    325          /*********************************************************************
    326           * LOCAL FUNCTIONS
    327           */
    328          
    329          /*********************************************************************
    330           * @fn      SampleApp_MessageMSGCB
    331           *
    332           * @brief   Data message processor callback.  This function processes
    333           *          any incoming data - probably from other devices.  So, based
    334           *          on cluster ID, perform the intended action.
    335           *
    336           * @param   none
    337           *
    338           * @return  none
    339           */

   \                                 In  segment BANKED_CODE, align 1, keep-with-next
    340          void SampleApp_MessageMSGCB( afIncomingMSGPacket_t *pkt )
   \                     SampleApp_MessageMSGCB:
    341          {
   \   000000                ; Saved register size: 0
   \   000000                ; Auto size: 0
    342            switch ( pkt->clusterId )
    343            {    
    344                  case SAMPLEAPP_PERIODIC_CLUSTERID: //表示周期函数
    345                  
    346                   break;
    347                  case  SAMPLEAPP_FLASH_CLUSTERID:       
    348                
    349                    
    350                  break;
    351          
    352            }
    353          }
   \   000000   02....       LJMP    ?BRET
    354          
    355          /*********************************************************************
    356           * @fn      SampleApp_SendPeriodicMessage
    357           *
    358           * @brief   Send the periodic message.
    359           *
    360           * @param   none
    361           *
    362           * @return  none
    363           */

   \                                 In  segment XDATA_Z, align 1, keep-with-next
    364          uint8 temp1,temp2;
   \                     temp1:
   \   000000                DS 1
   \   000001                REQUIRE __INIT_XDATA_Z

   \                                 In  segment XDATA_Z, align 1, keep-with-next
   \                     temp2:
   \   000000                DS 1
   \   000001                REQUIRE __INIT_XDATA_Z

   \                                 In  segment XDATA_Z, align 1, keep-with-next
    365            byte temp;
   \                     temp:
   \   000000                DS 1
   \   000001                REQUIRE __INIT_XDATA_Z

   \                                 In  segment XDATA_Z, align 1, keep-with-next
    366            uint8 end_sensor[5];
   \                     end_sensor:
   \   000000                DS 5
   \   000005                REQUIRE __INIT_XDATA_Z

   \                                 In  segment BANKED_CODE, align 1, keep-with-next
    367          void SampleApp_SendPeriodicMessage( void )
   \                     SampleApp_SendPeriodicMessage:
    368          {
   \   000000   74F6         MOV     A,#-0xa
   \   000002   12....       LCALL   ?BANKED_ENTER_XDATA
   \   000005                ; Saved register size: 10
   \   000005                ; Auto size: 0
    369            
    370            temp=ReadDs18B20();
   \   000005                ; Setup parameters for call to function ReadDs18B20
   \   000005   12....       LCALL   ??ReadDs18B20?relay
   \   000008   E9           MOV     A,R1
   \   000009   90....       MOV     DPTR,#temp
   \   00000C   F0           MOVX    @DPTR,A
    371            temp1=temp/10;
   \   00000D   75F00A       MOV     B,#0xa
   \   000010   84           DIV     AB
   \   000011   90....       MOV     DPTR,#temp1
   \   000014   F0           MOVX    @DPTR,A
    372            temp2=temp%10;
   \   000015   90....       MOV     DPTR,#temp
   \   000018   E0           MOVX    A,@DPTR
   \   000019   75F00A       MOV     B,#0xa
   \   00001C   84           DIV     AB
   \   00001D   E5F0         MOV     A,B
   \   00001F   90....       MOV     DPTR,#temp2
   \   000022   F0           MOVX    @DPTR,A
    373            end_sensor[0]=device_state;
   \   000023   90....       MOV     DPTR,#device_state
   \   000026   E0           MOVX    A,@DPTR
   \   000027   90....       MOV     DPTR,#end_sensor
   \   00002A   F0           MOVX    @DPTR,A
    374            end_sensor[1]=temp1;
   \   00002B   90....       MOV     DPTR,#temp1
   \   00002E   E0           MOVX    A,@DPTR
   \   00002F   90....       MOV     DPTR,#end_sensor + 1
   \   000032   F0           MOVX    @DPTR,A
    375            end_sensor[2]=temp2;
   \   000033   90....       MOV     DPTR,#temp2
   \   000036   E0           MOVX    A,@DPTR
   \   000037   90....       MOV     DPTR,#end_sensor + 2
   \   00003A   F0           MOVX    @DPTR,A
    376            end_sensor[3]=0x0d;
   \   00003B   A3           INC     DPTR
   \   00003C   740D         MOV     A,#0xd
   \   00003E   F0           MOVX    @DPTR,A
    377            end_sensor[4]=0x0a;
   \   00003F   A3           INC     DPTR
   \   000040   740A         MOV     A,#0xa
   \   000042   F0           MOVX    @DPTR,A
    378          
    379           if ( AF_DataRequest( &SampleApp_Periodic_DstAddr, &SampleApp_epDesc,
    380                   SAMPLEAPP_PERIODIC_CLUSTERID,
    381                   5,
    382                   end_sensor,
    383                   &SampleApp_TransID,
    384                   AF_DISCV_ROUTE,
    385                   AF_DEFAULT_RADIUS ) == afStatus_SUCCESS )
   \   000043                ; Setup parameters for call to function AF_DataRequest
   \   000043   75..1E       MOV     ?V0 + 0,#0x1e
   \   000046   78..         MOV     R0,#?V0 + 0
   \   000048   12....       LCALL   ?PUSH_XSTACK_I_ONE
   \   00004B   75....       MOV     ?V0 + 0,#SampleApp_TransID & 0xff
   \   00004E   75....       MOV     ?V0 + 1,#(SampleApp_TransID >> 8) & 0xff
   \   000051   78..         MOV     R0,#?V0 + 0
   \   000053   12....       LCALL   ?PUSH_XSTACK_I_TWO
   \   000056   75....       MOV     ?V0 + 0,#end_sensor & 0xff
   \   000059   75....       MOV     ?V0 + 1,#(end_sensor >> 8) & 0xff
   \   00005C   78..         MOV     R0,#?V0 + 0
   \   00005E   12....       LCALL   ?PUSH_XSTACK_I_TWO
   \   000061   75..05       MOV     ?V0 + 0,#0x5
   \   000064   75..00       MOV     ?V0 + 1,#0x0
   \   000067   78..         MOV     R0,#?V0 + 0
   \   000069   12....       LCALL   ?PUSH_XSTACK_I_TWO
   \   00006C   75..01       MOV     ?V0 + 0,#0x1
   \   00006F   78..         MOV     R0,#?V0 + 0
   \   000071   12....       LCALL   ?PUSH_XSTACK_I_TWO
   \   000074   7920         MOV     R1,#0x20
   \   000076   7C..         MOV     R4,#SampleApp_epDesc & 0xff
   \   000078   7D..         MOV     R5,#(SampleApp_epDesc >> 8) & 0xff
   \   00007A   7A..         MOV     R2,#SampleApp_Periodic_DstAddr & 0xff
   \   00007C   7B..         MOV     R3,#(SampleApp_Periodic_DstAddr >> 8) & 0xff
   \   00007E   12....       LCALL   ??AF_DataRequest?relay
   \   000081   7409         MOV     A,#0x9
   \   000083   12....       LCALL   ?DEALLOC_XSTACK8
   \   000086   E9           MOV     A,R1
   \   000087   7007         JNZ     ??SampleApp_SendPeriodicMessage_0
    386            {
    387             HalLedSet(HAL_LED_1,HAL_LED_MODE_TOGGLE);
   \   000089                ; Setup parameters for call to function HalLedSet
   \   000089   7A08         MOV     R2,#0x8
   \   00008B   7901         MOV     R1,#0x1
   \   00008D   12....       LCALL   ??HalLedSet?relay
    388            }
    389            else
    390            {
    391              // Error occurred in request to send.
    392            }            
    393            
    394          }
   \                     ??SampleApp_SendPeriodicMessage_0:
   \   000090   7F02         MOV     R7,#0x2
   \   000092   02....       LJMP    ?BANKED_LEAVE_XDATA
    395          
    396          /*********************************************************************
    397           * @fn      SampleApp_SendFlashMessage
    398           *
    399           * @brief   Send the flash message to group 1.
    400           *
    401           * @param   flashTime - in milliseconds
    402           *
    403           * @return  none
    404           */

   \                                 In  segment BANKED_CODE, align 1, keep-with-next
    405          void SampleApp_SendFlashMessage( uint16 flashTime )
   \                     SampleApp_SendFlashMessage:
    406          {
   \   000000                ; Saved register size: 0
   \   000000                ; Auto size: 0
    407           
    408          }
   \   000000   02....       LJMP    ?BRET

   \                                 In  segment XDATA_ID, align 1, keep-with-next
   \                     `?<Initializer for device_state>`:
   \   000000   02           DB 2

   \                                 In  segment BANK_RELAYS, align 1
   \                     ??SampleApp_Init?relay:
   \   000000   12....       LCALL   ?BDISPATCH
   \   000003   ......       DC24    SampleApp_Init

   \                                 In  segment BANK_RELAYS, align 1
   \                     ??SampleApp_ProcessEvent?relay:
   \   000000   12....       LCALL   ?BDISPATCH
   \   000003   ......       DC24    SampleApp_ProcessEvent

   \                                 In  segment BANK_RELAYS, align 1
   \                     ??SampleApp_MessageMSGCB?relay:
   \   000000   12....       LCALL   ?BDISPATCH
   \   000003   ......       DC24    SampleApp_MessageMSGCB

   \                                 In  segment BANK_RELAYS, align 1
   \                     ??SampleApp_SendPeriodicMessage?relay:
   \   000000   12....       LCALL   ?BDISPATCH
   \   000003   ......       DC24    SampleApp_SendPeriodicMessage

   \                                 In  segment BANK_RELAYS, align 1
   \                     ??SampleApp_SendFlashMessage?relay:
   \   000000   12....       LCALL   ?BDISPATCH
   \   000003   ......       DC24    SampleApp_SendFlashMessage

   \                                 In  segment XDATA_ROM_C, align 1
   \                     `?<Constant "Group 1">`:
   \   000000   47726F75     DB "Group 1"
   \            70203100
    409          
    410          
    411          

   Maximum stack usage in bytes:

     Function                       ISTACK PSTACK XSTACK
     --------                       ------ ------ ------
     SampleApp_Init                     0      0     14
       -> afRegister                    0      0     22
       -> RegisterForKeys               0      0     22
       -> osal_memcpy                   0      0     28
       -> aps_AddGroup                  0      0     22
     SampleApp_MessageMSGCB             0      0      0
     SampleApp_ProcessEvent             0      0     12
       -> osal_msg_receive              0      0     24
       -> HalLedSet                     0      0     24
       -> HalLedSet                     0      0     24
       -> osal_start_timerEx            0      0     24
       -> osal_msg_deallocate           0      0     24
       -> osal_msg_receive              0      0     24
       -> SampleApp_SendPeriodicMessage
                                        0      0     24
       -> osal_start_timerEx            0      0     24
     SampleApp_SendFlashMessage         0      0      0
     SampleApp_SendPeriodicMessage      0      0     31
       -> ReadDs18B20                   0      0     20
       -> AF_DataRequest                0      0     38
       -> HalLedSet                     0      0     20


   Segment part sizes:

     Function/Label                        Bytes
     --------------                        -----
     P0SEL                                    1
     LedState                                 1
     SampleApp_ClusterList                    8
     SampleApp_SimpleDesc                    12
     SampleApp_epDesc                         6
     SampleApp_TaskID                         1
     SampleApp_NwkState                       1
     SampleApp_TransID                        1
     SampleApp_Periodic_DstAddr              12
     SampleApp_Flash_DstAddr                 12
     SampleApp_Group                         18
     SampleAppPeriodicCounter                 1
     SampleAppFlashCounter                    1
     sensor_value                            20
     device_state                             1
     SampleApp_Init                         153
     SampleApp_ProcessEvent                 144
     SampleApp_MessageMSGCB                   3
     temp1                                    1
     temp2                                    1
     temp                                     1
     end_sensor                               5
     SampleApp_SendPeriodicMessage          149
     SampleApp_SendFlashMessage               3
     ?<Initializer for device_state>          1
     ??SampleApp_Init?relay                   6
     ??SampleApp_ProcessEvent?relay           6
     ??SampleApp_MessageMSGCB?relay           6
     ??SampleApp_SendPeriodicMessage?relay    6
     ??SampleApp_SendFlashMessage?relay       6
     ?<Constant "Group 1">                    8

 
 452 bytes in segment BANKED_CODE
  30 bytes in segment BANK_RELAYS
   1 byte  in segment SFR_AN
   1 byte  in segment XDATA_I
   1 byte  in segment XDATA_ID
  28 bytes in segment XDATA_ROM_C
  82 bytes in segment XDATA_Z
 
 483 bytes of CODE  memory
  28 bytes of CONST memory
   0 bytes of DATA  memory (+ 1 byte shared)
  83 bytes of XDATA memory

Errors: none
Warnings: none
